<?xml version="1.0" encoding="UTF-8"?>
<!-- Generated by org.testng.reporters.JUnitReportReporter -->
<testsuite hostname="lenov0-PC" name="com.facebook_login.LoginTest" tests="1" failures="0" timestamp="24 Jul 2019 07:09:46 GMT" time="13.277" errors="0">
  <testcase name="login" time="13.277" classname="com.facebook_login.LoginTest"/>
</testsuite> <!-- com.facebook_login.LoginTest -->
