<?xml version="1.0" encoding="UTF-8"?>
<!-- Generated by org.testng.reporters.JUnitReportReporter -->
<testsuite hostname="lenov0-PC" name="com.facebook_login.MavenFacebook" tests="2" failures="0" timestamp="24 Jul 2019 07:09:46 GMT" time="0.016" errors="0">
  <testcase name="Sub" time="0.013" classname="com.facebook_login.MavenFacebook"/>
  <testcase name="add" time="0.003" classname="com.facebook_login.MavenFacebook"/>
</testsuite> <!-- com.facebook_login.MavenFacebook -->
